2019-07-05 09:26:34.403 [restartedMain] INFO  cn.wt.springbootdemo2.Springbootdemo2Application - Starting Springbootdemo2Application on WT with PID 10232 (G:\IdeaProjects\springbootdemo2\target\classes started by Administrator in G:\IdeaProjects\springbootdemo2)
2019-07-05 09:26:34.406 [restartedMain] DEBUG cn.wt.springbootdemo2.Springbootdemo2Application - Running with Spring Boot v2.1.6.RELEASE, Spring v5.1.8.RELEASE
2019-07-05 09:26:34.407 [restartedMain] INFO  cn.wt.springbootdemo2.Springbootdemo2Application - No active profile set, falling back to default profiles: default
2019-07-05 09:26:34.458 [restartedMain] INFO  o.s.b.d.env.DevToolsPropertyDefaultsPostProcessor - Devtools property defaults active! Set 'spring.devtools.add-properties' to 'false' to disable
2019-07-05 09:26:34.459 [restartedMain] INFO  o.s.b.d.env.DevToolsPropertyDefaultsPostProcessor - For additional web related logging consider setting the 'logging.level.web' property to 'DEBUG'
2019-07-05 09:26:36.392 [restartedMain] INFO  o.s.boot.web.embedded.tomcat.TomcatWebServer - Tomcat initialized with port(s): 8081 (http)
2019-07-05 09:26:36.408 [restartedMain] INFO  org.apache.coyote.http11.Http11NioProtocol - Initializing ProtocolHandler ["http-nio-8081"]
2019-07-05 09:26:36.420 [restartedMain] INFO  org.apache.catalina.core.StandardService - Starting service [Tomcat]
2019-07-05 09:26:36.421 [restartedMain] INFO  org.apache.catalina.core.StandardEngine - Starting Servlet engine: [Apache Tomcat/9.0.21]
2019-07-05 09:26:36.552 [restartedMain] INFO  o.a.c.core.ContainerBase.[Tomcat].[localhost].[/] - Initializing Spring embedded WebApplicationContext
2019-07-05 09:26:36.552 [restartedMain] INFO  org.springframework.web.context.ContextLoader - Root WebApplicationContext: initialization completed in 2093 ms
2019-07-05 09:26:37.451 [restartedMain] WARN  o.s.b.w.s.c.AnnotationConfigServletWebServerApplicationContext - Exception encountered during context initialization - cancelling refresh attempt: org.springframework.beans.factory.UnsatisfiedDependencyException: Error creating bean with name 'pmsPersonInfoController': Unsatisfied dependency expressed through field 'pmsPersonInfoSercice'; nested exception is org.springframework.beans.factory.UnsatisfiedDependencyException: Error creating bean with name 'pmsPersonInfoSercice': Unsatisfied dependency expressed through field 'dao'; nested exception is org.springframework.beans.factory.UnsatisfiedDependencyException: Error creating bean with name 'pmsPersonInfoDao' defined in file [G:\IdeaProjects\springbootdemo2\target\classes\cn\wt\springbootdemo2\dao\PmsPersonInfoDao.class]: Unsatisfied dependency expressed through bean property 'sqlSessionFactory'; nested exception is org.springframework.beans.factory.BeanCreationException: Error creating bean with name 'sqlSessionFactory' defined in class path resource [org/mybatis/spring/boot/autoconfigure/MybatisAutoConfiguration.class]: Bean instantiation via factory method failed; nested exception is org.springframework.beans.BeanInstantiationException: Failed to instantiate [org.apache.ibatis.session.SqlSessionFactory]: Factory method 'sqlSessionFactory' threw exception; nested exception is org.springframework.core.NestedIOException: Failed to parse mapping resource: 'file [G:\IdeaProjects\springbootdemo2\target\classes\mapper\PmsTestInfoMapper.xml]'; nested exception is org.apache.ibatis.builder.BuilderException: Error creating document instance.  Cause: org.xml.sax.SAXParseException; lineNumber: 11; columnNumber: 14; 元素类型为 "resultMap" 的内容必须匹配 "(constructor?,id*,result*,association*,collection*,discriminator?)"。
2019-07-05 09:26:37.454 [restartedMain] INFO  org.apache.catalina.core.StandardService - Stopping service [Tomcat]
2019-07-05 09:26:37.478 [restartedMain] INFO  o.s.b.a.l.ConditionEvaluationReportLoggingListener - 

Error starting ApplicationContext. To display the conditions report re-run your application with 'debug' enabled.
2019-07-05 09:26:37.489 [restartedMain] ERROR org.springframework.boot.SpringApplication - Application run failed
org.springframework.beans.factory.UnsatisfiedDependencyException: Error creating bean with name 'pmsPersonInfoController': Unsatisfied dependency expressed through field 'pmsPersonInfoSercice'; nested exception is org.springframework.beans.factory.UnsatisfiedDependencyException: Error creating bean with name 'pmsPersonInfoSercice': Unsatisfied dependency expressed through field 'dao'; nested exception is org.springframework.beans.factory.UnsatisfiedDependencyException: Error creating bean with name 'pmsPersonInfoDao' defined in file [G:\IdeaProjects\springbootdemo2\target\classes\cn\wt\springbootdemo2\dao\PmsPersonInfoDao.class]: Unsatisfied dependency expressed through bean property 'sqlSessionFactory'; nested exception is org.springframework.beans.factory.BeanCreationException: Error creating bean with name 'sqlSessionFactory' defined in class path resource [org/mybatis/spring/boot/autoconfigure/MybatisAutoConfiguration.class]: Bean instantiation via factory method failed; nested exception is org.springframework.beans.BeanInstantiationException: Failed to instantiate [org.apache.ibatis.session.SqlSessionFactory]: Factory method 'sqlSessionFactory' threw exception; nested exception is org.springframework.core.NestedIOException: Failed to parse mapping resource: 'file [G:\IdeaProjects\springbootdemo2\target\classes\mapper\PmsTestInfoMapper.xml]'; nested exception is org.apache.ibatis.builder.BuilderException: Error creating document instance.  Cause: org.xml.sax.SAXParseException; lineNumber: 11; columnNumber: 14; 元素类型为 "resultMap" 的内容必须匹配 "(constructor?,id*,result*,association*,collection*,discriminator?)"。
	at org.springframework.beans.factory.annotation.AutowiredAnnotationBeanPostProcessor$AutowiredFieldElement.inject(AutowiredAnnotationBeanPostProcessor.java:596)
	at org.springframework.beans.factory.annotation.InjectionMetadata.inject(InjectionMetadata.java:90)
	at org.springframework.beans.factory.annotation.AutowiredAnnotationBeanPostProcessor.postProcessProperties(AutowiredAnnotationBeanPostProcessor.java:374)
	at org.springframework.beans.factory.support.AbstractAutowireCapableBeanFactory.populateBean(AbstractAutowireCapableBeanFactory.java:1411)
	at org.springframework.beans.factory.support.AbstractAutowireCapableBeanFactory.doCreateBean(AbstractAutowireCapableBeanFactory.java:592)
	at org.springframework.beans.factory.support.AbstractAutowireCapableBeanFactory.createBean(AbstractAutowireCapableBeanFactory.java:515)
	at org.springframework.beans.factory.support.AbstractBeanFactory.lambda$doGetBean$0(AbstractBeanFactory.java:320)
	at org.springframework.beans.factory.support.AbstractBeanFactory$$Lambda$138/1880146623.getObject(Unknown Source)
	at org.springframework.beans.factory.support.DefaultSingletonBeanRegistry.getSingleton(DefaultSingletonBeanRegistry.java:222)
	at org.springframework.beans.factory.support.AbstractBeanFactory.doGetBean(AbstractBeanFactory.java:318)
	at org.springframework.beans.factory.support.AbstractBeanFactory.getBean(AbstractBeanFactory.java:199)
	at org.springframework.beans.factory.support.DefaultListableBeanFactory.preInstantiateSingletons(DefaultListableBeanFactory.java:845)
	at org.springframework.context.support.AbstractApplicationContext.finishBeanFactoryInitialization(AbstractApplicationContext.java:877)
	at org.springframework.context.support.AbstractApplicationContext.refresh(AbstractApplicationContext.java:549)
	at org.springframework.boot.web.servlet.context.ServletWebServerApplicationContext.refresh(ServletWebServerApplicationContext.java:140)
	at org.springframework.boot.SpringApplication.refresh(SpringApplication.java:742)
	at org.springframework.boot.SpringApplication.refreshContext(SpringApplication.java:389)
	at org.springframework.boot.SpringApplication.run(SpringApplication.java:311)
	at org.springframework.boot.SpringApplication.run(SpringApplication.java:1213)
	at org.springframework.boot.SpringApplication.run(SpringApplication.java:1202)
	at cn.wt.springbootdemo2.Springbootdemo2Application.main(Springbootdemo2Application.java:11)
	at sun.reflect.NativeMethodAccessorImpl.invoke0(Native Method)
	at sun.reflect.NativeMethodAccessorImpl.invoke(NativeMethodAccessorImpl.java:62)
	at sun.reflect.DelegatingMethodAccessorImpl.invoke(DelegatingMethodAccessorImpl.java:43)
	at java.lang.reflect.Method.invoke(Method.java:483)
	at org.springframework.boot.devtools.restart.RestartLauncher.run(RestartLauncher.java:49)
Caused by: org.springframework.beans.factory.UnsatisfiedDependencyException: Error creating bean with name 'pmsPersonInfoSercice': Unsatisfied dependency expressed through field 'dao'; nested exception is org.springframework.beans.factory.UnsatisfiedDependencyException: Error creating bean with name 'pmsPersonInfoDao' defined in file [G:\IdeaProjects\springbootdemo2\target\classes\cn\wt\springbootdemo2\dao\PmsPersonInfoDao.class]: Unsatisfied dependency expressed through bean property 'sqlSessionFactory'; nested exception is org.springframework.beans.factory.BeanCreationException: Error creating bean with name 'sqlSessionFactory' defined in class path resource [org/mybatis/spring/boot/autoconfigure/MybatisAutoConfiguration.class]: Bean instantiation via factory method failed; nested exception is org.springframework.beans.BeanInstantiationException: Failed to instantiate [org.apache.ibatis.session.SqlSessionFactory]: Factory method 'sqlSessionFactory' threw exception; nested exception is org.springframework.core.NestedIOException: Failed to parse mapping resource: 'file [G:\IdeaProjects\springbootdemo2\target\classes\mapper\PmsTestInfoMapper.xml]'; nested exception is org.apache.ibatis.builder.BuilderException: Error creating document instance.  Cause: org.xml.sax.SAXParseException; lineNumber: 11; columnNumber: 14; 元素类型为 "resultMap" 的内容必须匹配 "(constructor?,id*,result*,association*,collection*,discriminator?)"。
	at org.springframework.beans.factory.annotation.AutowiredAnnotationBeanPostProcessor$AutowiredFieldElement.inject(AutowiredAnnotationBeanPostProcessor.java:596)
	at org.springframework.beans.factory.annotation.InjectionMetadata.inject(InjectionMetadata.java:90)
	at org.springframework.beans.factory.annotation.AutowiredAnnotationBeanPostProcessor.postProcessProperties(AutowiredAnnotationBeanPostProcessor.java:374)
	at org.springframework.beans.factory.support.AbstractAutowireCapableBeanFactory.populateBean(AbstractAutowireCapableBeanFactory.java:1411)
	at org.springframework.beans.factory.support.AbstractAutowireCapableBeanFactory.doCreateBean(AbstractAutowireCapableBeanFactory.java:592)
	at org.springframework.beans.factory.support.AbstractAutowireCapableBeanFactory.createBean(AbstractAutowireCapableBeanFactory.java:515)
	at org.springframework.beans.factory.support.AbstractBeanFactory.lambda$doGetBean$0(AbstractBeanFactory.java:320)
	at org.springframework.beans.factory.support.AbstractBeanFactory$$Lambda$138/1880146623.getObject(Unknown Source)
	at org.springframework.beans.factory.support.DefaultSingletonBeanRegistry.getSingleton(DefaultSingletonBeanRegistry.java:222)
	at org.springframework.beans.factory.support.AbstractBeanFactory.doGetBean(AbstractBeanFactory.java:318)
	at org.springframework.beans.factory.support.AbstractBeanFactory.getBean(AbstractBeanFactory.java:199)
	at org.springframework.beans.factory.config.DependencyDescriptor.resolveCandidate(DependencyDescriptor.java:277)
	at org.springframework.beans.factory.support.DefaultListableBeanFactory.doResolveDependency(DefaultListableBeanFactory.java:1251)
	at org.springframework.beans.factory.support.DefaultListableBeanFactory.resolveDependency(DefaultListableBeanFactory.java:1171)
	at org.springframework.beans.factory.annotation.AutowiredAnnotationBeanPostProcessor$AutowiredFieldElement.inject(AutowiredAnnotationBeanPostProcessor.java:593)
	... 25 common frames omitted
Caused by: org.springframework.beans.factory.UnsatisfiedDependencyException: Error creating bean with name 'pmsPersonInfoDao' defined in file [G:\IdeaProjects\springbootdemo2\target\classes\cn\wt\springbootdemo2\dao\PmsPersonInfoDao.class]: Unsatisfied dependency expressed through bean property 'sqlSessionFactory'; nested exception is org.springframework.beans.factory.BeanCreationException: Error creating bean with name 'sqlSessionFactory' defined in class path resource [org/mybatis/spring/boot/autoconfigure/MybatisAutoConfiguration.class]: Bean instantiation via factory method failed; nested exception is org.springframework.beans.BeanInstantiationException: Failed to instantiate [org.apache.ibatis.session.SqlSessionFactory]: Factory method 'sqlSessionFactory' threw exception; nested exception is org.springframework.core.NestedIOException: Failed to parse mapping resource: 'file [G:\IdeaProjects\springbootdemo2\target\classes\mapper\PmsTestInfoMapper.xml]'; nested exception is org.apache.ibatis.builder.BuilderException: Error creating document instance.  Cause: org.xml.sax.SAXParseException; lineNumber: 11; columnNumber: 14; 元素类型为 "resultMap" 的内容必须匹配 "(constructor?,id*,result*,association*,collection*,discriminator?)"。
	at org.springframework.beans.factory.support.AbstractAutowireCapableBeanFactory.autowireByType(AbstractAutowireCapableBeanFactory.java:1515)
	at org.springframework.beans.factory.support.AbstractAutowireCapableBeanFactory.populateBean(AbstractAutowireCapableBeanFactory.java:1395)
	at org.springframework.beans.factory.support.AbstractAutowireCapableBeanFactory.doCreateBean(AbstractAutowireCapableBeanFactory.java:592)
	at org.springframework.beans.factory.support.AbstractAutowireCapableBeanFactory.createBean(AbstractAutowireCapableBeanFactory.java:515)
	at org.springframework.beans.factory.support.AbstractBeanFactory.lambda$doGetBean$0(AbstractBeanFactory.java:320)
	at org.springframework.beans.factory.support.AbstractBeanFactory$$Lambda$138/1880146623.getObject(Unknown Source)
	at org.springframework.beans.factory.support.DefaultSingletonBeanRegistry.getSingleton(DefaultSingletonBeanRegistry.java:222)
	at org.springframework.beans.factory.support.AbstractBeanFactory.doGetBean(AbstractBeanFactory.java:318)
	at org.springframework.beans.factory.support.AbstractBeanFactory.getBean(AbstractBeanFactory.java:199)
	at org.springframework.beans.factory.config.DependencyDescriptor.resolveCandidate(DependencyDescriptor.java:277)
	at org.springframework.beans.factory.support.DefaultListableBeanFactory.doResolveDependency(DefaultListableBeanFactory.java:1251)
	at org.springframework.beans.factory.support.DefaultListableBeanFactory.resolveDependency(DefaultListableBeanFactory.java:1171)
	at org.springframework.beans.factory.annotation.AutowiredAnnotationBeanPostProcessor$AutowiredFieldElement.inject(AutowiredAnnotationBeanPostProcessor.java:593)
	... 39 common frames omitted
Caused by: org.springframework.beans.factory.BeanCreationException: Error creating bean with name 'sqlSessionFactory' defined in class path resource [org/mybatis/spring/boot/autoconfigure/MybatisAutoConfiguration.class]: Bean instantiation via factory method failed; nested exception is org.springframework.beans.BeanInstantiationException: Failed to instantiate [org.apache.ibatis.session.SqlSessionFactory]: Factory method 'sqlSessionFactory' threw exception; nested exception is org.springframework.core.NestedIOException: Failed to parse mapping resource: 'file [G:\IdeaProjects\springbootdemo2\target\classes\mapper\PmsTestInfoMapper.xml]'; nested exception is org.apache.ibatis.builder.BuilderException: Error creating document instance.  Cause: org.xml.sax.SAXParseException; lineNumber: 11; columnNumber: 14; 元素类型为 "resultMap" 的内容必须匹配 "(constructor?,id*,result*,association*,collection*,discriminator?)"。
	at org.springframework.beans.factory.support.ConstructorResolver.instantiate(ConstructorResolver.java:627)
	at org.springframework.beans.factory.support.ConstructorResolver.instantiateUsingFactoryMethod(ConstructorResolver.java:607)
	at org.springframework.beans.factory.support.AbstractAutowireCapableBeanFactory.instantiateUsingFactoryMethod(AbstractAutowireCapableBeanFactory.java:1321)
	at org.springframework.beans.factory.support.AbstractAutowireCapableBeanFactory.createBeanInstance(AbstractAutowireCapableBeanFactory.java:1160)
	at org.springframework.beans.factory.support.AbstractAutowireCapableBeanFactory.doCreateBean(AbstractAutowireCapableBeanFactory.java:555)
	at org.springframework.beans.factory.support.AbstractAutowireCapableBeanFactory.createBean(AbstractAutowireCapableBeanFactory.java:515)
	at org.springframework.beans.factory.support.AbstractBeanFactory.lambda$doGetBean$0(AbstractBeanFactory.java:320)
	at org.springframework.beans.factory.support.AbstractBeanFactory$$Lambda$138/1880146623.getObject(Unknown Source)
	at org.springframework.beans.factory.support.DefaultSingletonBeanRegistry.getSingleton(DefaultSingletonBeanRegistry.java:222)
	at org.springframework.beans.factory.support.AbstractBeanFactory.doGetBean(AbstractBeanFactory.java:318)
	at org.springframework.beans.factory.support.AbstractBeanFactory.getBean(AbstractBeanFactory.java:199)
	at org.springframework.beans.factory.config.DependencyDescriptor.resolveCandidate(DependencyDescriptor.java:277)
	at org.springframework.beans.factory.support.DefaultListableBeanFactory.doResolveDependency(DefaultListableBeanFactory.java:1251)
	at org.springframework.beans.factory.support.DefaultListableBeanFactory.resolveDependency(DefaultListableBeanFactory.java:1171)
	at org.springframework.beans.factory.support.AbstractAutowireCapableBeanFactory.autowireByType(AbstractAutowireCapableBeanFactory.java:1500)
	... 51 common frames omitted
Caused by: org.springframework.beans.BeanInstantiationException: Failed to instantiate [org.apache.ibatis.session.SqlSessionFactory]: Factory method 'sqlSessionFactory' threw exception; nested exception is org.springframework.core.NestedIOException: Failed to parse mapping resource: 'file [G:\IdeaProjects\springbootdemo2\target\classes\mapper\PmsTestInfoMapper.xml]'; nested exception is org.apache.ibatis.builder.BuilderException: Error creating document instance.  Cause: org.xml.sax.SAXParseException; lineNumber: 11; columnNumber: 14; 元素类型为 "resultMap" 的内容必须匹配 "(constructor?,id*,result*,association*,collection*,discriminator?)"。
	at org.springframework.beans.factory.support.SimpleInstantiationStrategy.instantiate(SimpleInstantiationStrategy.java:185)
	at org.springframework.beans.factory.support.ConstructorResolver.instantiate(ConstructorResolver.java:622)
	... 65 common frames omitted
Caused by: org.springframework.core.NestedIOException: Failed to parse mapping resource: 'file [G:\IdeaProjects\springbootdemo2\target\classes\mapper\PmsTestInfoMapper.xml]'; nested exception is org.apache.ibatis.builder.BuilderException: Error creating document instance.  Cause: org.xml.sax.SAXParseException; lineNumber: 11; columnNumber: 14; 元素类型为 "resultMap" 的内容必须匹配 "(constructor?,id*,result*,association*,collection*,discriminator?)"。
	at org.mybatis.spring.SqlSessionFactoryBean.buildSqlSessionFactory(SqlSessionFactoryBean.java:522)
	at org.mybatis.spring.SqlSessionFactoryBean.afterPropertiesSet(SqlSessionFactoryBean.java:408)
	at org.mybatis.spring.SqlSessionFactoryBean.getObject(SqlSessionFactoryBean.java:541)
	at org.mybatis.spring.boot.autoconfigure.MybatisAutoConfiguration.sqlSessionFactory(MybatisAutoConfiguration.java:150)
	at org.mybatis.spring.boot.autoconfigure.MybatisAutoConfiguration$$EnhancerBySpringCGLIB$$ecfffe54.CGLIB$sqlSessionFactory$1(<generated>)
	at org.mybatis.spring.boot.autoconfigure.MybatisAutoConfiguration$$EnhancerBySpringCGLIB$$ecfffe54$$FastClassBySpringCGLIB$$f3a660aa.invoke(<generated>)
	at org.springframework.cglib.proxy.MethodProxy.invokeSuper(MethodProxy.java:244)
	at org.springframework.context.annotation.ConfigurationClassEnhancer$BeanMethodInterceptor.intercept(ConfigurationClassEnhancer.java:363)
	at org.mybatis.spring.boot.autoconfigure.MybatisAutoConfiguration$$EnhancerBySpringCGLIB$$ecfffe54.sqlSessionFactory(<generated>)
	at sun.reflect.NativeMethodAccessorImpl.invoke0(Native Method)
	at sun.reflect.NativeMethodAccessorImpl.invoke(NativeMethodAccessorImpl.java:62)
	at sun.reflect.DelegatingMethodAccessorImpl.invoke(DelegatingMethodAccessorImpl.java:43)
	at java.lang.reflect.Method.invoke(Method.java:483)
	at org.springframework.beans.factory.support.SimpleInstantiationStrategy.instantiate(SimpleInstantiationStrategy.java:154)
	... 66 common frames omitted
Caused by: org.apache.ibatis.builder.BuilderException: Error creating document instance.  Cause: org.xml.sax.SAXParseException; lineNumber: 11; columnNumber: 14; 元素类型为 "resultMap" 的内容必须匹配 "(constructor?,id*,result*,association*,collection*,discriminator?)"。
	at org.apache.ibatis.parsing.XPathParser.createDocument(XPathParser.java:260)
	at org.apache.ibatis.parsing.XPathParser.<init>(XPathParser.java:126)
	at org.apache.ibatis.builder.xml.XMLMapperBuilder.<init>(XMLMapperBuilder.java:80)
	at org.mybatis.spring.SqlSessionFactoryBean.buildSqlSessionFactory(SqlSessionFactoryBean.java:519)
	... 79 common frames omitted
Caused by: org.xml.sax.SAXParseException: 元素类型为 "resultMap" 的内容必须匹配 "(constructor?,id*,result*,association*,collection*,discriminator?)"。
	at com.sun.org.apache.xerces.internal.util.ErrorHandlerWrapper.createSAXParseException(ErrorHandlerWrapper.java:203)
	at com.sun.org.apache.xerces.internal.util.ErrorHandlerWrapper.error(ErrorHandlerWrapper.java:134)
	at com.sun.org.apache.xerces.internal.impl.XMLErrorReporter.reportError(XMLErrorReporter.java:437)
	at com.sun.org.apache.xerces.internal.impl.XMLErrorReporter.reportError(XMLErrorReporter.java:368)
	at com.sun.org.apache.xerces.internal.impl.XMLErrorReporter.reportError(XMLErrorReporter.java:325)
	at com.sun.org.apache.xerces.internal.impl.dtd.XMLDTDValidator.handleEndElement(XMLDTDValidator.java:1994)
	at com.sun.org.apache.xerces.internal.impl.dtd.XMLDTDValidator.endElement(XMLDTDValidator.java:879)
	at com.sun.org.apache.xerces.internal.impl.XMLDocumentFragmentScannerImpl.scanEndElement(XMLDocumentFragmentScannerImpl.java:1782)
	at com.sun.org.apache.xerces.internal.impl.XMLDocumentFragmentScannerImpl$FragmentContentDriver.next(XMLDocumentFragmentScannerImpl.java:2973)
	at com.sun.org.apache.xerces.internal.impl.XMLDocumentScannerImpl.next(XMLDocumentScannerImpl.java:606)
	at com.sun.org.apache.xerces.internal.impl.XMLDocumentFragmentScannerImpl.scanDocument(XMLDocumentFragmentScannerImpl.java:510)
	at com.sun.org.apache.xerces.internal.parsers.XML11Configuration.parse(XML11Configuration.java:848)
	at com.sun.org.apache.xerces.internal.parsers.XML11Configuration.parse(XML11Configuration.java:777)
	at com.sun.org.apache.xerces.internal.parsers.XMLParser.parse(XMLParser.java:141)
	at com.sun.org.apache.xerces.internal.parsers.DOMParser.parse(DOMParser.java:243)
	at com.sun.org.apache.xerces.internal.jaxp.DocumentBuilderImpl.parse(DocumentBuilderImpl.java:348)
	at org.apache.ibatis.parsing.XPathParser.createDocument(XPathParser.java:258)
	... 82 common frames omitted
2019-07-05 09:51:03.242 [restartedMain] INFO  cn.wt.springbootdemo2.Springbootdemo2Application - Starting Springbootdemo2Application on WT with PID 3848 (G:\IdeaProjects\springbootdemo2\target\classes started by Administrator in G:\IdeaProjects\springbootdemo2)
2019-07-05 09:51:03.245 [restartedMain] DEBUG cn.wt.springbootdemo2.Springbootdemo2Application - Running with Spring Boot v2.1.6.RELEASE, Spring v5.1.8.RELEASE
2019-07-05 09:51:03.246 [restartedMain] INFO  cn.wt.springbootdemo2.Springbootdemo2Application - No active profile set, falling back to default profiles: default
2019-07-05 09:51:03.331 [restartedMain] INFO  o.s.b.d.env.DevToolsPropertyDefaultsPostProcessor - Devtools property defaults active! Set 'spring.devtools.add-properties' to 'false' to disable
2019-07-05 09:51:03.332 [restartedMain] INFO  o.s.b.d.env.DevToolsPropertyDefaultsPostProcessor - For additional web related logging consider setting the 'logging.level.web' property to 'DEBUG'
2019-07-05 09:51:04.986 [restartedMain] INFO  o.s.boot.web.embedded.tomcat.TomcatWebServer - Tomcat initialized with port(s): 8081 (http)
2019-07-05 09:51:05.002 [restartedMain] INFO  org.apache.coyote.http11.Http11NioProtocol - Initializing ProtocolHandler ["http-nio-8081"]
2019-07-05 09:51:05.014 [restartedMain] INFO  org.apache.catalina.core.StandardService - Starting service [Tomcat]
2019-07-05 09:51:05.014 [restartedMain] INFO  org.apache.catalina.core.StandardEngine - Starting Servlet engine: [Apache Tomcat/9.0.21]
2019-07-05 09:51:05.141 [restartedMain] INFO  o.a.c.core.ContainerBase.[Tomcat].[localhost].[/] - Initializing Spring embedded WebApplicationContext
2019-07-05 09:51:05.142 [restartedMain] INFO  org.springframework.web.context.ContextLoader - Root WebApplicationContext: initialization completed in 1809 ms
2019-07-05 09:51:06.807 [restartedMain] INFO  o.s.b.d.autoconfigure.OptionalLiveReloadServer - LiveReload server is running on port 35729
2019-07-05 09:51:06.857 [restartedMain] INFO  org.apache.coyote.http11.Http11NioProtocol - Starting ProtocolHandler ["http-nio-8081"]
2019-07-05 09:51:06.889 [restartedMain] INFO  o.s.boot.web.embedded.tomcat.TomcatWebServer - Tomcat started on port(s): 8081 (http) with context path ''
2019-07-05 09:51:06.893 [restartedMain] INFO  cn.wt.springbootdemo2.Springbootdemo2Application - Started Springbootdemo2Application in 4.254 seconds (JVM running for 5.189)
2019-07-05 09:52:55.650 [http-nio-8081-exec-1] INFO  o.a.c.core.ContainerBase.[Tomcat].[localhost].[/] - Initializing Spring DispatcherServlet 'dispatcherServlet'
2019-07-05 09:52:55.650 [http-nio-8081-exec-1] INFO  org.springframework.web.servlet.DispatcherServlet - Initializing Servlet 'dispatcherServlet'
2019-07-05 09:52:55.665 [http-nio-8081-exec-1] INFO  org.springframework.web.servlet.DispatcherServlet - Completed initialization in 15 ms
2019-07-05 09:52:55.772 [http-nio-8081-exec-1] INFO  cn.wt.springbootdemo2.aspect.HttpAspect - url=http://192.168.1.152:8081/pmstestinfo/selectPage
2019-07-05 09:52:55.773 [http-nio-8081-exec-1] INFO  cn.wt.springbootdemo2.aspect.HttpAspect - IP=192.168.1.152
2019-07-05 09:52:55.775 [http-nio-8081-exec-1] INFO  cn.wt.springbootdemo2.aspect.HttpAspect - Class.Method=cn.wt.springbootdemo2.controller.PmsTestInfoController.seletePage
2019-07-05 09:52:55.775 [http-nio-8081-exec-1] INFO  cn.wt.springbootdemo2.aspect.HttpAspect - log acpect before..........
2019-07-05 09:53:04.527 [http-nio-8081-exec-1] INFO  com.alibaba.druid.pool.DruidDataSource - {dataSource-1} inited
2019-07-05 09:53:04.532 [http-nio-8081-exec-1] DEBUG c.w.s.dao.PmsTestInfoDao.selectPage_COUNT - ==>  Preparing: SELECT count(0) FROM pms_test_info obj 
2019-07-05 09:53:04.629 [http-nio-8081-exec-1] DEBUG c.w.s.dao.PmsTestInfoDao.selectPage_COUNT - ==> Parameters: 
2019-07-05 09:53:04.696 [http-nio-8081-exec-1] INFO  cn.wt.springbootdemo2.aspect.HttpAspect - log acpect after..........
2019-07-05 10:03:10.010 [http-nio-8081-exec-3] INFO  cn.wt.springbootdemo2.aspect.HttpAspect - url=http://192.168.1.152:8081/pmstestinfo/selectPage
2019-07-05 10:03:10.011 [http-nio-8081-exec-3] INFO  cn.wt.springbootdemo2.aspect.HttpAspect - IP=192.168.1.152
2019-07-05 10:03:10.011 [http-nio-8081-exec-3] INFO  cn.wt.springbootdemo2.aspect.HttpAspect - Class.Method=cn.wt.springbootdemo2.controller.PmsTestInfoController.seletePage
2019-07-05 10:03:10.011 [http-nio-8081-exec-3] INFO  cn.wt.springbootdemo2.aspect.HttpAspect - log acpect before..........
2019-07-05 10:03:10.025 [http-nio-8081-exec-3] DEBUG c.w.s.dao.PmsTestInfoDao.selectPage_COUNT - ==>  Preparing: SELECT count(0) FROM pms_test_info obj 
2019-07-05 10:03:10.026 [http-nio-8081-exec-3] DEBUG c.w.s.dao.PmsTestInfoDao.selectPage_COUNT - ==> Parameters: 
2019-07-05 10:03:10.062 [http-nio-8081-exec-3] DEBUG c.w.s.dao.PmsTestInfoDao.selectPage_COUNT - <==      Total: 1
2019-07-05 10:03:10.063 [http-nio-8081-exec-3] INFO  cn.wt.springbootdemo2.aspect.HttpAspect - log acpect after..........
2019-07-05 10:03:10.064 [http-nio-8081-exec-3] INFO  cn.wt.springbootdemo2.aspect.HttpAspect - resultResultObject{status=200, message='处理成功', data=PageInfo{pageNum=0, pageSize=10, size=0, startRow=0, endRow=0, total=0, pages=0, list=Page{count=true, pageNum=0, pageSize=10, startRow=0, endRow=0, total=0, pages=0, reasonable=true, pageSizeZero=false}, prePage=0, nextPage=0, isFirstPage=false, isLastPage=true, hasPreviousPage=false, hasNextPage=false, navigatePages=8, navigateFirstPage=0, navigateLastPage=0, navigatepageNums=[]}, time='2019-07-05 10:03:10'}
2019-07-05 10:10:10.024 [http-nio-8081-exec-5] INFO  cn.wt.springbootdemo2.aspect.HttpAspect - url=http://192.168.1.152:8081/pmstestinfo/save
2019-07-05 10:10:10.024 [http-nio-8081-exec-5] INFO  cn.wt.springbootdemo2.aspect.HttpAspect - IP=192.168.1.152
2019-07-05 10:10:10.024 [http-nio-8081-exec-5] INFO  cn.wt.springbootdemo2.aspect.HttpAspect - Class.Method=cn.wt.springbootdemo2.controller.PmsTestInfoController.save
2019-07-05 10:10:10.024 [http-nio-8081-exec-5] INFO  cn.wt.springbootdemo2.aspect.HttpAspect - log acpect before..........
2019-07-05 10:10:10.057 [http-nio-8081-exec-5] DEBUG cn.wt.springbootdemo2.dao.PmsTestInfoDao.save - ==>  Preparing: insert into pms_test_info(name,age) values(?,?) 
2019-07-05 10:10:10.065 [http-nio-8081-exec-5] DEBUG cn.wt.springbootdemo2.dao.PmsTestInfoDao.save - ==> Parameters: 王通(String), 18(Integer)
2019-07-05 10:10:10.089 [http-nio-8081-exec-5] DEBUG cn.wt.springbootdemo2.dao.PmsTestInfoDao.save - <==    Updates: 1
2019-07-05 10:10:10.128 [http-nio-8081-exec-5] INFO  cn.wt.springbootdemo2.aspect.HttpAspect - log acpect after..........
2019-07-05 10:10:10.128 [http-nio-8081-exec-5] INFO  cn.wt.springbootdemo2.aspect.HttpAspect - resultResultObject{status=200, message='处理成功', data=null, time='2019-07-05 10:10:10'}
2019-07-05 10:11:23.001 [http-nio-8081-exec-7] INFO  cn.wt.springbootdemo2.aspect.HttpAspect - url=http://192.168.1.152:8081/pmstestinfo/selectOne
2019-07-05 10:11:23.002 [http-nio-8081-exec-7] INFO  cn.wt.springbootdemo2.aspect.HttpAspect - IP=192.168.1.152
2019-07-05 10:11:23.002 [http-nio-8081-exec-7] INFO  cn.wt.springbootdemo2.aspect.HttpAspect - Class.Method=cn.wt.springbootdemo2.controller.PmsTestInfoController.seleteOne
2019-07-05 10:11:23.002 [http-nio-8081-exec-7] INFO  cn.wt.springbootdemo2.aspect.HttpAspect - log acpect before..........
2019-07-05 10:11:23.075 [http-nio-8081-exec-7] INFO  cn.wt.springbootdemo2.aspect.HttpAspect - log acpect after..........
2019-07-05 10:12:18.435 [http-nio-8081-exec-8] INFO  cn.wt.springbootdemo2.aspect.HttpAspect - url=http://192.168.1.152:8081/pmstestinfo/selectOne
2019-07-05 10:12:18.435 [http-nio-8081-exec-8] INFO  cn.wt.springbootdemo2.aspect.HttpAspect - IP=192.168.1.152
2019-07-05 10:12:18.436 [http-nio-8081-exec-8] INFO  cn.wt.springbootdemo2.aspect.HttpAspect - Class.Method=cn.wt.springbootdemo2.controller.PmsTestInfoController.seleteOne
2019-07-05 10:12:18.436 [http-nio-8081-exec-8] INFO  cn.wt.springbootdemo2.aspect.HttpAspect - log acpect before..........
2019-07-05 10:12:18.482 [http-nio-8081-exec-8] INFO  cn.wt.springbootdemo2.aspect.HttpAspect - log acpect after..........
2019-07-05 10:18:08.917 [http-nio-8081-exec-10] INFO  cn.wt.springbootdemo2.aspect.HttpAspect - url=http://192.168.1.152:8081/pmstestinfo/save
2019-07-05 10:18:08.917 [http-nio-8081-exec-10] INFO  cn.wt.springbootdemo2.aspect.HttpAspect - IP=192.168.1.152
2019-07-05 10:18:08.917 [http-nio-8081-exec-10] INFO  cn.wt.springbootdemo2.aspect.HttpAspect - Class.Method=cn.wt.springbootdemo2.controller.PmsTestInfoController.save
2019-07-05 10:18:08.917 [http-nio-8081-exec-10] INFO  cn.wt.springbootdemo2.aspect.HttpAspect - log acpect before..........
2019-07-05 10:18:08.946 [http-nio-8081-exec-10] DEBUG cn.wt.springbootdemo2.dao.PmsTestInfoDao.save - ==>  Preparing: insert into pms_test_info(name,age) values(?,?) 
2019-07-05 10:18:08.946 [http-nio-8081-exec-10] DEBUG cn.wt.springbootdemo2.dao.PmsTestInfoDao.save - ==> Parameters: 王通(String), 18(Integer)
2019-07-05 10:18:08.972 [http-nio-8081-exec-10] DEBUG cn.wt.springbootdemo2.dao.PmsTestInfoDao.save - <==    Updates: 1
2019-07-05 10:18:09.012 [http-nio-8081-exec-10] INFO  cn.wt.springbootdemo2.aspect.HttpAspect - log acpect after..........
2019-07-05 10:18:09.012 [http-nio-8081-exec-10] INFO  cn.wt.springbootdemo2.aspect.HttpAspect - resultResultObject{status=200, message='处理成功', data=null, time='2019-07-05 10:18:09'}
2019-07-05 10:18:13.397 [http-nio-8081-exec-1] INFO  cn.wt.springbootdemo2.aspect.HttpAspect - url=http://192.168.1.152:8081/pmstestinfo/selectOne
2019-07-05 10:18:13.397 [http-nio-8081-exec-1] INFO  cn.wt.springbootdemo2.aspect.HttpAspect - IP=192.168.1.152
2019-07-05 10:18:13.397 [http-nio-8081-exec-1] INFO  cn.wt.springbootdemo2.aspect.HttpAspect - Class.Method=cn.wt.springbootdemo2.controller.PmsTestInfoController.seleteOne
2019-07-05 10:18:13.397 [http-nio-8081-exec-1] INFO  cn.wt.springbootdemo2.aspect.HttpAspect - log acpect before..........
2019-07-05 10:18:13.433 [http-nio-8081-exec-1] INFO  cn.wt.springbootdemo2.aspect.HttpAspect - log acpect after..........
2019-07-05 10:18:14.093 [http-nio-8081-exec-2] INFO  cn.wt.springbootdemo2.aspect.HttpAspect - url=http://192.168.1.152:8081/pmstestinfo/selectOne
2019-07-05 10:18:14.093 [http-nio-8081-exec-2] INFO  cn.wt.springbootdemo2.aspect.HttpAspect - IP=192.168.1.152
2019-07-05 10:18:14.093 [http-nio-8081-exec-2] INFO  cn.wt.springbootdemo2.aspect.HttpAspect - Class.Method=cn.wt.springbootdemo2.controller.PmsTestInfoController.seleteOne
2019-07-05 10:18:14.093 [http-nio-8081-exec-2] INFO  cn.wt.springbootdemo2.aspect.HttpAspect - log acpect before..........
2019-07-05 10:18:14.126 [http-nio-8081-exec-2] INFO  cn.wt.springbootdemo2.aspect.HttpAspect - log acpect after..........
2019-07-05 15:24:42.622 [restartedMain] INFO  cn.wt.springbootdemo2.Springbootdemo2Application - Starting Springbootdemo2Application on WT with PID 12028 (G:\IdeaProjects\springbootdemo2\target\classes started by Administrator in G:\IdeaProjects\springbootdemo2)
2019-07-05 15:24:42.625 [restartedMain] DEBUG cn.wt.springbootdemo2.Springbootdemo2Application - Running with Spring Boot v2.1.6.RELEASE, Spring v5.1.8.RELEASE
2019-07-05 15:24:42.626 [restartedMain] INFO  cn.wt.springbootdemo2.Springbootdemo2Application - No active profile set, falling back to default profiles: default
2019-07-05 15:24:42.730 [restartedMain] INFO  o.s.b.d.env.DevToolsPropertyDefaultsPostProcessor - Devtools property defaults active! Set 'spring.devtools.add-properties' to 'false' to disable
2019-07-05 15:24:42.731 [restartedMain] INFO  o.s.b.d.env.DevToolsPropertyDefaultsPostProcessor - For additional web related logging consider setting the 'logging.level.web' property to 'DEBUG'
2019-07-05 15:24:44.723 [restartedMain] INFO  o.s.boot.web.embedded.tomcat.TomcatWebServer - Tomcat initialized with port(s): 8082 (http)
2019-07-05 15:24:44.738 [restartedMain] INFO  org.apache.coyote.http11.Http11NioProtocol - Initializing ProtocolHandler ["http-nio-8082"]
2019-07-05 15:24:44.750 [restartedMain] INFO  org.apache.catalina.core.StandardService - Starting service [Tomcat]
2019-07-05 15:24:44.751 [restartedMain] INFO  org.apache.catalina.core.StandardEngine - Starting Servlet engine: [Apache Tomcat/9.0.21]
2019-07-05 15:24:44.902 [restartedMain] INFO  o.a.c.core.ContainerBase.[Tomcat].[localhost].[/] - Initializing Spring embedded WebApplicationContext
2019-07-05 15:24:44.902 [restartedMain] INFO  org.springframework.web.context.ContextLoader - Root WebApplicationContext: initialization completed in 2171 ms
2019-07-05 15:24:46.828 [restartedMain] INFO  o.s.b.d.autoconfigure.OptionalLiveReloadServer - LiveReload server is running on port 35729
2019-07-05 15:24:46.882 [restartedMain] INFO  org.apache.coyote.http11.Http11NioProtocol - Starting ProtocolHandler ["http-nio-8082"]
2019-07-05 15:24:46.917 [restartedMain] INFO  o.s.boot.web.embedded.tomcat.TomcatWebServer - Tomcat started on port(s): 8082 (http) with context path ''
2019-07-05 15:24:46.921 [restartedMain] INFO  cn.wt.springbootdemo2.Springbootdemo2Application - Started Springbootdemo2Application in 4.971 seconds (JVM running for 6.0)
2019-07-05 16:43:13.227 [http-nio-8082-exec-1] INFO  o.a.c.core.ContainerBase.[Tomcat].[localhost].[/] - Initializing Spring DispatcherServlet 'dispatcherServlet'
2019-07-05 16:43:13.227 [http-nio-8082-exec-1] INFO  org.springframework.web.servlet.DispatcherServlet - Initializing Servlet 'dispatcherServlet'
2019-07-05 16:43:13.245 [http-nio-8082-exec-1] INFO  org.springframework.web.servlet.DispatcherServlet - Completed initialization in 18 ms
2019-07-05 16:43:13.343 [http-nio-8082-exec-1] INFO  cn.wt.springbootdemo2.aspect.HttpAspect - url=http://192.168.1.152:8082/pmstestinfo/selectOne
2019-07-05 16:43:13.345 [http-nio-8082-exec-1] INFO  cn.wt.springbootdemo2.aspect.HttpAspect - IP=192.168.1.152
2019-07-05 16:43:13.348 [http-nio-8082-exec-1] INFO  cn.wt.springbootdemo2.aspect.HttpAspect - Class.Method=cn.wt.springbootdemo2.controller.PmsTestInfoController.seleteOne
2019-07-05 16:43:13.348 [http-nio-8082-exec-1] INFO  cn.wt.springbootdemo2.aspect.HttpAspect - log acpect before..........
2019-07-05 16:43:39.618 [http-nio-8082-exec-2] INFO  cn.wt.springbootdemo2.aspect.HttpAspect - url=http://192.168.1.152:8082/pmspersoninfo/selectOne
2019-07-05 16:43:39.618 [http-nio-8082-exec-2] INFO  cn.wt.springbootdemo2.aspect.HttpAspect - IP=192.168.1.152
2019-07-05 16:43:39.618 [http-nio-8082-exec-2] INFO  cn.wt.springbootdemo2.aspect.HttpAspect - Class.Method=cn.wt.springbootdemo2.controller.PmsPersonInfoController.selectOne
2019-07-05 16:43:39.618 [http-nio-8082-exec-2] INFO  cn.wt.springbootdemo2.aspect.HttpAspect - log acpect before..........
2019-07-05 16:44:37.427 [restartedMain] INFO  cn.wt.springbootdemo2.Springbootdemo2Application - Starting Springbootdemo2Application on WT with PID 13920 (G:\IdeaProjects\springbootdemo2\target\classes started by Administrator in G:\IdeaProjects\springbootdemo2)
2019-07-05 16:44:37.432 [restartedMain] DEBUG cn.wt.springbootdemo2.Springbootdemo2Application - Running with Spring Boot v2.1.6.RELEASE, Spring v5.1.8.RELEASE
2019-07-05 16:44:37.433 [restartedMain] INFO  cn.wt.springbootdemo2.Springbootdemo2Application - No active profile set, falling back to default profiles: default
2019-07-05 16:44:37.553 [restartedMain] INFO  o.s.b.d.env.DevToolsPropertyDefaultsPostProcessor - Devtools property defaults active! Set 'spring.devtools.add-properties' to 'false' to disable
2019-07-05 16:44:37.554 [restartedMain] INFO  o.s.b.d.env.DevToolsPropertyDefaultsPostProcessor - For additional web related logging consider setting the 'logging.level.web' property to 'DEBUG'
2019-07-05 16:44:39.391 [restartedMain] INFO  o.s.boot.web.embedded.tomcat.TomcatWebServer - Tomcat initialized with port(s): 8082 (http)
2019-07-05 16:44:39.408 [restartedMain] INFO  org.apache.coyote.http11.Http11NioProtocol - Initializing ProtocolHandler ["http-nio-8082"]
2019-07-05 16:44:39.420 [restartedMain] INFO  org.apache.catalina.core.StandardService - Starting service [Tomcat]
2019-07-05 16:44:39.421 [restartedMain] INFO  org.apache.catalina.core.StandardEngine - Starting Servlet engine: [Apache Tomcat/9.0.21]
2019-07-05 16:44:39.552 [restartedMain] INFO  o.a.c.core.ContainerBase.[Tomcat].[localhost].[/] - Initializing Spring embedded WebApplicationContext
2019-07-05 16:44:39.552 [restartedMain] INFO  org.springframework.web.context.ContextLoader - Root WebApplicationContext: initialization completed in 1998 ms
2019-07-05 16:44:41.321 [restartedMain] INFO  o.s.b.d.autoconfigure.OptionalLiveReloadServer - LiveReload server is running on port 35729
2019-07-05 16:44:41.370 [restartedMain] INFO  org.apache.coyote.http11.Http11NioProtocol - Starting ProtocolHandler ["http-nio-8082"]
2019-07-05 16:44:41.404 [restartedMain] INFO  o.s.boot.web.embedded.tomcat.TomcatWebServer - Tomcat started on port(s): 8082 (http) with context path ''
2019-07-05 16:44:41.408 [restartedMain] INFO  cn.wt.springbootdemo2.Springbootdemo2Application - Started Springbootdemo2Application in 4.57 seconds (JVM running for 5.53)
2019-07-05 16:44:47.291 [http-nio-8082-exec-1] INFO  o.a.c.core.ContainerBase.[Tomcat].[localhost].[/] - Initializing Spring DispatcherServlet 'dispatcherServlet'
2019-07-05 16:44:47.291 [http-nio-8082-exec-1] INFO  org.springframework.web.servlet.DispatcherServlet - Initializing Servlet 'dispatcherServlet'
2019-07-05 16:44:47.306 [http-nio-8082-exec-1] INFO  org.springframework.web.servlet.DispatcherServlet - Completed initialization in 15 ms
2019-07-05 16:44:47.398 [http-nio-8082-exec-1] INFO  cn.wt.springbootdemo2.aspect.HttpAspect - url=http://192.168.1.152:8082/pmspersoninfo/selectOne
2019-07-05 16:44:47.399 [http-nio-8082-exec-1] INFO  cn.wt.springbootdemo2.aspect.HttpAspect - IP=192.168.1.152
2019-07-05 16:44:47.401 [http-nio-8082-exec-1] INFO  cn.wt.springbootdemo2.aspect.HttpAspect - Class.Method=cn.wt.springbootdemo2.controller.PmsPersonInfoController.selectOne
2019-07-05 16:44:47.401 [http-nio-8082-exec-1] INFO  cn.wt.springbootdemo2.aspect.HttpAspect - log acpect before..........
2019-07-05 16:44:55.735 [http-nio-8082-exec-1] INFO  com.alibaba.druid.pool.DruidDataSource - {dataSource-1} inited
2019-07-05 16:44:55.777 [http-nio-8082-exec-1] DEBUG c.w.springbootdemo2.dao.PmsPersonInfoDao.selectOne - ==>  Preparing: select * from pms_person_info where id=? 
2019-07-05 16:44:55.913 [http-nio-8082-exec-1] DEBUG c.w.springbootdemo2.dao.PmsPersonInfoDao.selectOne - ==> Parameters: 11(Integer)
2019-07-05 16:44:55.937 [http-nio-8082-exec-1] DEBUG c.w.springbootdemo2.dao.PmsPersonInfoDao.selectOne - <==      Total: 0
2019-07-05 16:44:55.970 [http-nio-8082-exec-1] INFO  cn.wt.springbootdemo2.aspect.HttpAspect - log acpect after..........
2019-07-05 16:44:55.970 [http-nio-8082-exec-1] INFO  cn.wt.springbootdemo2.aspect.HttpAspect - resultResultObject{status=200, message='处理成功', data=null, time='2019-07-05 16:44:55'}
2019-07-05 16:45:07.680 [http-nio-8082-exec-2] INFO  cn.wt.springbootdemo2.aspect.HttpAspect - url=http://192.168.1.152:8082/pmspersoninfo/selectList
2019-07-05 16:45:07.680 [http-nio-8082-exec-2] INFO  cn.wt.springbootdemo2.aspect.HttpAspect - IP=192.168.1.152
2019-07-05 16:45:07.680 [http-nio-8082-exec-2] INFO  cn.wt.springbootdemo2.aspect.HttpAspect - Class.Method=cn.wt.springbootdemo2.controller.PmsPersonInfoController.selectList
2019-07-05 16:45:07.681 [http-nio-8082-exec-2] INFO  cn.wt.springbootdemo2.aspect.HttpAspect - log acpect before..........
2019-07-05 16:45:07.719 [http-nio-8082-exec-2] DEBUG c.w.s.dao.PmsPersonInfoDao.selectList - ==>  Preparing: select * from pms_person_info 
2019-07-05 16:45:07.721 [http-nio-8082-exec-2] DEBUG c.w.s.dao.PmsPersonInfoDao.selectList - ==> Parameters: 
2019-07-05 16:45:07.736 [http-nio-8082-exec-2] DEBUG c.w.s.dao.PmsPersonInfoDao.selectList - <==      Total: 17
2019-07-05 16:45:07.760 [http-nio-8082-exec-2] INFO  cn.wt.springbootdemo2.aspect.HttpAspect - log acpect after..........
2019-07-05 16:45:07.760 [http-nio-8082-exec-2] INFO  cn.wt.springbootdemo2.aspect.HttpAspect - resultResultObject{status=200, message='处理成功', data=[PmsPersonInfo{id=12, personName='1123', personNumber=123, adress='为'}, PmsPersonInfo{id=13, personName='1', personNumber=13, adress='1'}, PmsPersonInfo{id=14, personName='1', personNumber=12, adress='1'}, PmsPersonInfo{id=15, personName='1', personNumber=11, adress='1'}, PmsPersonInfo{id=16, personName='1', personNumber=10, adress='1'}, PmsPersonInfo{id=17, personName='1', personNumber=9, adress='1'}, PmsPersonInfo{id=18, personName='1', personNumber=8, adress='1'}, PmsPersonInfo{id=19, personName='1', personNumber=7, adress='1'}, PmsPersonInfo{id=20, personName='1', personNumber=6, adress='1'}, PmsPersonInfo{id=21, personName='1', personNumber=5, adress='1'}, PmsPersonInfo{id=22, personName='1', personNumber=4, adress='1'}, PmsPersonInfo{id=23, personName='1', personNumber=3, adress='1'}, PmsPersonInfo{id=24, personName='2', personNumber=2, adress='2'}, PmsPersonInfo{id=25, personName='王通', personNumber=12346, adress='青岛'}, PmsPersonInfo{id=26, personName='test', personNumber=1, adress='地址'}, PmsPersonInfo{id=31, personName='test', personNumber=3, adress='地址'}, PmsPersonInfo{id=38, personName='test2', personNumber=123, adress='地址'}], time='2019-07-05 16:45:07'}
2019-07-05 16:45:15.614 [http-nio-8082-exec-3] INFO  cn.wt.springbootdemo2.aspect.HttpAspect - url=http://192.168.1.152:8082/pmspersoninfo/selectOne
2019-07-05 16:45:15.614 [http-nio-8082-exec-3] INFO  cn.wt.springbootdemo2.aspect.HttpAspect - IP=192.168.1.152
2019-07-05 16:45:15.614 [http-nio-8082-exec-3] INFO  cn.wt.springbootdemo2.aspect.HttpAspect - Class.Method=cn.wt.springbootdemo2.controller.PmsPersonInfoController.selectOne
2019-07-05 16:45:15.614 [http-nio-8082-exec-3] INFO  cn.wt.springbootdemo2.aspect.HttpAspect - log acpect before..........
2019-07-05 16:45:15.645 [http-nio-8082-exec-3] DEBUG c.w.springbootdemo2.dao.PmsPersonInfoDao.selectOne - ==>  Preparing: select * from pms_person_info where id=? 
2019-07-05 16:45:15.645 [http-nio-8082-exec-3] DEBUG c.w.springbootdemo2.dao.PmsPersonInfoDao.selectOne - ==> Parameters: 12(Integer)
2019-07-05 16:45:15.655 [http-nio-8082-exec-3] DEBUG c.w.springbootdemo2.dao.PmsPersonInfoDao.selectOne - <==      Total: 1
2019-07-05 16:45:15.702 [http-nio-8082-exec-3] INFO  cn.wt.springbootdemo2.aspect.HttpAspect - log acpect after..........
2019-07-05 16:45:15.702 [http-nio-8082-exec-3] INFO  cn.wt.springbootdemo2.aspect.HttpAspect - resultResultObject{status=200, message='处理成功', data=PmsPersonInfo{id=12, personName='1123', personNumber=123, adress='为'}, time='2019-07-05 16:45:15'}
2019-07-05 16:45:22.646 [http-nio-8082-exec-4] INFO  cn.wt.springbootdemo2.aspect.HttpAspect - url=http://192.168.1.152:8082/pmstestinfo/selectOne
2019-07-05 16:45:22.646 [http-nio-8082-exec-4] INFO  cn.wt.springbootdemo2.aspect.HttpAspect - IP=192.168.1.152
2019-07-05 16:45:22.646 [http-nio-8082-exec-4] INFO  cn.wt.springbootdemo2.aspect.HttpAspect - Class.Method=cn.wt.springbootdemo2.controller.PmsTestInfoController.seleteOne
2019-07-05 16:45:22.646 [http-nio-8082-exec-4] INFO  cn.wt.springbootdemo2.aspect.HttpAspect - log acpect before..........
2019-07-05 16:45:22.661 [http-nio-8082-exec-4] DEBUG cn.wt.springbootdemo2.dao.PmsTestInfoDao.selectOne - ==>  Preparing: select * from pms_person_info where id=? 
2019-07-05 16:45:22.662 [http-nio-8082-exec-4] DEBUG cn.wt.springbootdemo2.dao.PmsTestInfoDao.selectOne - ==> Parameters: 1(Integer)
2019-07-05 16:45:22.670 [http-nio-8082-exec-4] DEBUG cn.wt.springbootdemo2.dao.PmsTestInfoDao.selectOne - <==      Total: 0
2019-07-05 16:45:22.697 [http-nio-8082-exec-4] INFO  cn.wt.springbootdemo2.aspect.HttpAspect - log acpect after..........
2019-07-05 16:45:22.697 [http-nio-8082-exec-4] INFO  cn.wt.springbootdemo2.aspect.HttpAspect - resultResultObject{status=200, message='处理成功', data=null, time='2019-07-05 16:45:22'}
2019-07-05 16:45:29.361 [http-nio-8082-exec-5] INFO  cn.wt.springbootdemo2.aspect.HttpAspect - url=http://192.168.1.152:8082/pmstestinfo/selectOne
2019-07-05 16:45:29.361 [http-nio-8082-exec-5] INFO  cn.wt.springbootdemo2.aspect.HttpAspect - IP=192.168.1.152
2019-07-05 16:45:29.361 [http-nio-8082-exec-5] INFO  cn.wt.springbootdemo2.aspect.HttpAspect - Class.Method=cn.wt.springbootdemo2.controller.PmsTestInfoController.seleteOne
2019-07-05 16:45:29.361 [http-nio-8082-exec-5] INFO  cn.wt.springbootdemo2.aspect.HttpAspect - log acpect before..........
2019-07-05 16:45:29.376 [http-nio-8082-exec-5] DEBUG cn.wt.springbootdemo2.dao.PmsTestInfoDao.selectOne - ==>  Preparing: select * from pms_person_info where id=? 
2019-07-05 16:45:29.377 [http-nio-8082-exec-5] DEBUG cn.wt.springbootdemo2.dao.PmsTestInfoDao.selectOne - ==> Parameters: null
2019-07-05 16:45:29.388 [http-nio-8082-exec-5] DEBUG cn.wt.springbootdemo2.dao.PmsTestInfoDao.selectOne - <==      Total: 0
2019-07-05 16:45:29.415 [http-nio-8082-exec-5] INFO  cn.wt.springbootdemo2.aspect.HttpAspect - log acpect after..........
2019-07-05 16:45:29.416 [http-nio-8082-exec-5] INFO  cn.wt.springbootdemo2.aspect.HttpAspect - resultResultObject{status=200, message='处理成功', data=null, time='2019-07-05 16:45:29'}
2019-07-05 16:45:45.856 [http-nio-8082-exec-6] INFO  cn.wt.springbootdemo2.aspect.HttpAspect - url=http://192.168.1.152:8082/pmstestinfo/selectList
2019-07-05 16:45:45.856 [http-nio-8082-exec-6] INFO  cn.wt.springbootdemo2.aspect.HttpAspect - IP=192.168.1.152
2019-07-05 16:45:45.856 [http-nio-8082-exec-6] INFO  cn.wt.springbootdemo2.aspect.HttpAspect - Class.Method=cn.wt.springbootdemo2.controller.PmsTestInfoController.seleteList
2019-07-05 16:45:45.856 [http-nio-8082-exec-6] INFO  cn.wt.springbootdemo2.aspect.HttpAspect - log acpect before..........
2019-07-05 16:45:45.868 [http-nio-8082-exec-6] DEBUG c.wt.springbootdemo2.dao.PmsTestInfoDao.selectList - ==>  Preparing: select * from pms_test_info 
2019-07-05 16:45:45.869 [http-nio-8082-exec-6] DEBUG c.wt.springbootdemo2.dao.PmsTestInfoDao.selectList - ==> Parameters: 
2019-07-05 16:45:45.882 [http-nio-8082-exec-6] DEBUG c.wt.springbootdemo2.dao.PmsTestInfoDao.selectList - <==      Total: 2
2019-07-05 16:45:45.909 [http-nio-8082-exec-6] INFO  cn.wt.springbootdemo2.aspect.HttpAspect - log acpect after..........
2019-07-05 16:45:45.909 [http-nio-8082-exec-6] INFO  cn.wt.springbootdemo2.aspect.HttpAspect - resultResultObject{status=200, message='处理成功', data=[cn.wt.springbootdemo2.entity.PmsTestInfo@34fd040b, cn.wt.springbootdemo2.entity.PmsTestInfo@7047935b], time='2019-07-05 16:45:45'}
2019-07-05 16:45:57.727 [http-nio-8082-exec-7] INFO  cn.wt.springbootdemo2.aspect.HttpAspect - url=http://192.168.1.152:8082/pmstestinfo/selectOne
2019-07-05 16:45:57.727 [http-nio-8082-exec-7] INFO  cn.wt.springbootdemo2.aspect.HttpAspect - IP=192.168.1.152
2019-07-05 16:45:57.727 [http-nio-8082-exec-7] INFO  cn.wt.springbootdemo2.aspect.HttpAspect - Class.Method=cn.wt.springbootdemo2.controller.PmsTestInfoController.seleteOne
2019-07-05 16:45:57.727 [http-nio-8082-exec-7] INFO  cn.wt.springbootdemo2.aspect.HttpAspect - log acpect before..........
2019-07-05 16:45:57.737 [http-nio-8082-exec-7] DEBUG cn.wt.springbootdemo2.dao.PmsTestInfoDao.selectOne - ==>  Preparing: select * from pms_person_info where id=? 
2019-07-05 16:45:57.738 [http-nio-8082-exec-7] DEBUG cn.wt.springbootdemo2.dao.PmsTestInfoDao.selectOne - ==> Parameters: 1(Integer)
2019-07-05 16:45:57.746 [http-nio-8082-exec-7] DEBUG cn.wt.springbootdemo2.dao.PmsTestInfoDao.selectOne - <==      Total: 0
2019-07-05 16:45:57.773 [http-nio-8082-exec-7] INFO  cn.wt.springbootdemo2.aspect.HttpAspect - log acpect after..........
2019-07-05 16:45:57.773 [http-nio-8082-exec-7] INFO  cn.wt.springbootdemo2.aspect.HttpAspect - resultResultObject{status=200, message='处理成功', data=null, time='2019-07-05 16:45:57'}
2019-07-05 16:50:09.301 [http-nio-8082-exec-9] INFO  cn.wt.springbootdemo2.aspect.HttpAspect - url=http://192.168.1.152:8082/pmstestinfo/selectList
2019-07-05 16:50:09.301 [http-nio-8082-exec-9] INFO  cn.wt.springbootdemo2.aspect.HttpAspect - IP=192.168.1.152
2019-07-05 16:50:09.301 [http-nio-8082-exec-9] INFO  cn.wt.springbootdemo2.aspect.HttpAspect - Class.Method=cn.wt.springbootdemo2.controller.PmsTestInfoController.seleteList
2019-07-05 16:50:09.301 [http-nio-8082-exec-9] INFO  cn.wt.springbootdemo2.aspect.HttpAspect - log acpect before..........
2019-07-05 16:50:09.321 [http-nio-8082-exec-9] DEBUG c.wt.springbootdemo2.dao.PmsTestInfoDao.selectList - ==>  Preparing: select * from pms_test_info 
2019-07-05 16:50:09.321 [http-nio-8082-exec-9] DEBUG c.wt.springbootdemo2.dao.PmsTestInfoDao.selectList - ==> Parameters: 
2019-07-05 16:50:09.334 [http-nio-8082-exec-9] DEBUG c.wt.springbootdemo2.dao.PmsTestInfoDao.selectList - <==      Total: 2
2019-07-05 16:50:09.364 [http-nio-8082-exec-9] INFO  cn.wt.springbootdemo2.aspect.HttpAspect - log acpect after..........
2019-07-05 16:50:09.364 [http-nio-8082-exec-9] INFO  cn.wt.springbootdemo2.aspect.HttpAspect - resultResultObject{status=200, message='处理成功', data=[cn.wt.springbootdemo2.entity.PmsTestInfo@311b4c97, cn.wt.springbootdemo2.entity.PmsTestInfo@5a05d4b5], time='2019-07-05 16:50:09'}
2019-07-05 16:51:01.604 [http-nio-8082-exec-10] INFO  cn.wt.springbootdemo2.aspect.HttpAspect - url=http://192.168.1.152:8082/pmspersoninfo/selectPage
2019-07-05 16:51:01.605 [http-nio-8082-exec-10] INFO  cn.wt.springbootdemo2.aspect.HttpAspect - IP=192.168.1.152
2019-07-05 16:51:01.605 [http-nio-8082-exec-10] INFO  cn.wt.springbootdemo2.aspect.HttpAspect - Class.Method=cn.wt.springbootdemo2.controller.PmsPersonInfoController.selectPage
2019-07-05 16:51:01.605 [http-nio-8082-exec-10] INFO  cn.wt.springbootdemo2.aspect.HttpAspect - log acpect before..........
2019-07-05 16:51:01.632 [http-nio-8082-exec-10] DEBUG c.w.s.dao.PmsPersonInfoDao.selectPage_COUNT - ==>  Preparing: SELECT count(0) FROM pms_person_info obj 
2019-07-05 16:51:01.636 [http-nio-8082-exec-10] DEBUG c.w.s.dao.PmsPersonInfoDao.selectPage_COUNT - ==> Parameters: 
2019-07-05 16:51:01.647 [http-nio-8082-exec-10] DEBUG c.w.s.dao.PmsPersonInfoDao.selectPage_COUNT - <==      Total: 1
2019-07-05 16:51:01.649 [http-nio-8082-exec-10] DEBUG c.w.s.dao.PmsPersonInfoDao.selectPage - ==>  Preparing: /* select A.* from (*/ SELECT obj.* FROM pms_person_info obj LIMIT ? 
2019-07-05 16:51:01.650 [http-nio-8082-exec-10] DEBUG c.w.s.dao.PmsPersonInfoDao.selectPage - ==> Parameters: 3(Integer)
2019-07-05 16:51:01.661 [http-nio-8082-exec-10] DEBUG c.w.s.dao.PmsPersonInfoDao.selectPage - <==      Total: 3
2019-07-05 16:51:01.662 [http-nio-8082-exec-10] INFO  cn.wt.springbootdemo2.aspect.HttpAspect - log acpect after..........
2019-07-05 16:51:01.662 [http-nio-8082-exec-10] INFO  cn.wt.springbootdemo2.aspect.HttpAspect - resultResultObject{status=200, message='处理成功', data=PageInfo{pageNum=1, pageSize=3, size=3, startRow=1, endRow=3, total=17, pages=6, list=Page{count=true, pageNum=1, pageSize=3, startRow=0, endRow=3, total=17, pages=6, reasonable=true, pageSizeZero=false}, prePage=0, nextPage=2, isFirstPage=true, isLastPage=false, hasPreviousPage=false, hasNextPage=true, navigatePages=8, navigateFirstPage=1, navigateLastPage=6, navigatepageNums=[1, 2, 3, 4, 5, 6]}, time='2019-07-05 16:51:01'}
2019-07-05 16:51:07.749 [http-nio-8082-exec-1] INFO  cn.wt.springbootdemo2.aspect.HttpAspect - url=http://192.168.1.152:8082/pmspersoninfo/selectPage
2019-07-05 16:51:07.749 [http-nio-8082-exec-1] INFO  cn.wt.springbootdemo2.aspect.HttpAspect - IP=192.168.1.152
2019-07-05 16:51:07.749 [http-nio-8082-exec-1] INFO  cn.wt.springbootdemo2.aspect.HttpAspect - Class.Method=cn.wt.springbootdemo2.controller.PmsPersonInfoController.selectPage
2019-07-05 16:51:07.749 [http-nio-8082-exec-1] INFO  cn.wt.springbootdemo2.aspect.HttpAspect - log acpect before..........
2019-07-05 16:51:07.750 [http-nio-8082-exec-1] DEBUG c.w.s.dao.PmsPersonInfoDao.selectPage_COUNT - ==>  Preparing: SELECT count(0) FROM pms_person_info obj 
2019-07-05 16:51:07.750 [http-nio-8082-exec-1] DEBUG c.w.s.dao.PmsPersonInfoDao.selectPage_COUNT - ==> Parameters: 
2019-07-05 16:51:07.765 [http-nio-8082-exec-1] DEBUG c.w.s.dao.PmsPersonInfoDao.selectPage_COUNT - <==      Total: 1
2019-07-05 16:51:07.766 [http-nio-8082-exec-1] DEBUG c.w.s.dao.PmsPersonInfoDao.selectPage - ==>  Preparing: /* select A.* from (*/ SELECT obj.* FROM pms_person_info obj LIMIT ? 
2019-07-05 16:51:07.767 [http-nio-8082-exec-1] DEBUG c.w.s.dao.PmsPersonInfoDao.selectPage - ==> Parameters: 2(Integer)
2019-07-05 16:51:07.777 [http-nio-8082-exec-1] DEBUG c.w.s.dao.PmsPersonInfoDao.selectPage - <==      Total: 2
2019-07-05 16:51:07.777 [http-nio-8082-exec-1] INFO  cn.wt.springbootdemo2.aspect.HttpAspect - log acpect after..........
2019-07-05 16:51:07.777 [http-nio-8082-exec-1] INFO  cn.wt.springbootdemo2.aspect.HttpAspect - resultResultObject{status=200, message='处理成功', data=PageInfo{pageNum=1, pageSize=2, size=2, startRow=1, endRow=2, total=17, pages=9, list=Page{count=true, pageNum=1, pageSize=2, startRow=0, endRow=2, total=17, pages=9, reasonable=true, pageSizeZero=false}, prePage=0, nextPage=2, isFirstPage=true, isLastPage=false, hasPreviousPage=false, hasNextPage=true, navigatePages=8, navigateFirstPage=1, navigateLastPage=8, navigatepageNums=[1, 2, 3, 4, 5, 6, 7, 8]}, time='2019-07-05 16:51:07'}
2019-07-05 16:51:16.786 [http-nio-8082-exec-2] INFO  cn.wt.springbootdemo2.aspect.HttpAspect - url=http://192.168.1.152:8082/pmstestinfo/selectPage
2019-07-05 16:51:16.787 [http-nio-8082-exec-2] INFO  cn.wt.springbootdemo2.aspect.HttpAspect - IP=192.168.1.152
2019-07-05 16:51:16.787 [http-nio-8082-exec-2] INFO  cn.wt.springbootdemo2.aspect.HttpAspect - Class.Method=cn.wt.springbootdemo2.controller.PmsTestInfoController.seletePage
2019-07-05 16:51:16.787 [http-nio-8082-exec-2] INFO  cn.wt.springbootdemo2.aspect.HttpAspect - log acpect before..........
2019-07-05 16:51:16.788 [http-nio-8082-exec-2] DEBUG c.w.s.dao.PmsTestInfoDao.selectPage_COUNT - ==>  Preparing: SELECT count(0) FROM pms_test_info obj 
2019-07-05 16:51:16.789 [http-nio-8082-exec-2] DEBUG c.w.s.dao.PmsTestInfoDao.selectPage_COUNT - ==> Parameters: 
2019-07-05 16:51:16.802 [http-nio-8082-exec-2] DEBUG c.w.s.dao.PmsTestInfoDao.selectPage_COUNT - <==      Total: 1
2019-07-05 16:51:16.802 [http-nio-8082-exec-2] DEBUG c.wt.springbootdemo2.dao.PmsTestInfoDao.selectPage - ==>  Preparing: SELECT * FROM pms_test_info obj LIMIT ? 
2019-07-05 16:51:16.803 [http-nio-8082-exec-2] DEBUG c.wt.springbootdemo2.dao.PmsTestInfoDao.selectPage - ==> Parameters: 2(Integer)
2019-07-05 16:51:16.815 [http-nio-8082-exec-2] DEBUG c.wt.springbootdemo2.dao.PmsTestInfoDao.selectPage - <==      Total: 2
2019-07-05 16:51:16.816 [http-nio-8082-exec-2] INFO  cn.wt.springbootdemo2.aspect.HttpAspect - log acpect after..........
2019-07-05 16:51:16.816 [http-nio-8082-exec-2] INFO  cn.wt.springbootdemo2.aspect.HttpAspect - resultResultObject{status=200, message='处理成功', data=PageInfo{pageNum=1, pageSize=2, size=2, startRow=1, endRow=2, total=2, pages=1, list=Page{count=true, pageNum=1, pageSize=2, startRow=0, endRow=2, total=2, pages=1, reasonable=true, pageSizeZero=false}, prePage=0, nextPage=0, isFirstPage=true, isLastPage=true, hasPreviousPage=false, hasNextPage=false, navigatePages=8, navigateFirstPage=1, navigateLastPage=1, navigatepageNums=[1]}, time='2019-07-05 16:51:16'}
2019-07-05 16:54:08.041 [http-nio-8082-exec-4] INFO  cn.wt.springbootdemo2.aspect.HttpAspect - url=http://192.168.1.152:8082/pmstestinfo/selectList
2019-07-05 16:54:08.042 [http-nio-8082-exec-4] INFO  cn.wt.springbootdemo2.aspect.HttpAspect - IP=192.168.1.152
2019-07-05 16:54:08.042 [http-nio-8082-exec-4] INFO  cn.wt.springbootdemo2.aspect.HttpAspect - Class.Method=cn.wt.springbootdemo2.controller.PmsTestInfoController.seleteList
2019-07-05 16:54:08.043 [http-nio-8082-exec-4] INFO  cn.wt.springbootdemo2.aspect.HttpAspect - log acpect before..........
2019-07-05 16:54:08.062 [http-nio-8082-exec-4] DEBUG c.wt.springbootdemo2.dao.PmsTestInfoDao.selectList - ==>  Preparing: select * from pms_test_info 
2019-07-05 16:54:08.063 [http-nio-8082-exec-4] DEBUG c.wt.springbootdemo2.dao.PmsTestInfoDao.selectList - ==> Parameters: 
2019-07-05 16:54:08.075 [http-nio-8082-exec-4] DEBUG c.wt.springbootdemo2.dao.PmsTestInfoDao.selectList - <==      Total: 2
2019-07-05 16:54:08.110 [http-nio-8082-exec-4] INFO  cn.wt.springbootdemo2.aspect.HttpAspect - log acpect after..........
2019-07-05 16:54:08.110 [http-nio-8082-exec-4] INFO  cn.wt.springbootdemo2.aspect.HttpAspect - resultResultObject{status=200, message='处理成功', data=[cn.wt.springbootdemo2.entity.PmsTestInfo@69c26274, cn.wt.springbootdemo2.entity.PmsTestInfo@3b7a9fcd], time='2019-07-05 16:54:08'}
2019-07-05 16:54:22.342 [http-nio-8082-exec-5] INFO  cn.wt.springbootdemo2.aspect.HttpAspect - url=http://192.168.1.152:8082/pmstestinfo/update
2019-07-05 16:54:22.342 [http-nio-8082-exec-5] INFO  cn.wt.springbootdemo2.aspect.HttpAspect - IP=192.168.1.152
2019-07-05 16:54:22.342 [http-nio-8082-exec-5] INFO  cn.wt.springbootdemo2.aspect.HttpAspect - Class.Method=cn.wt.springbootdemo2.controller.PmsTestInfoController.update
2019-07-05 16:54:22.342 [http-nio-8082-exec-5] INFO  cn.wt.springbootdemo2.aspect.HttpAspect - log acpect before..........
2019-07-05 16:54:22.352 [http-nio-8082-exec-5] DEBUG cn.wt.springbootdemo2.dao.PmsTestInfoDao.update - ==>  Preparing: update pms_test_info set name = ?, id = ?, age = ? where id=? 
2019-07-05 16:54:22.359 [http-nio-8082-exec-5] DEBUG cn.wt.springbootdemo2.dao.PmsTestInfoDao.update - ==> Parameters: wt(String), 1(Integer), 20(Integer), 1(Integer)
2019-07-05 16:54:22.380 [http-nio-8082-exec-5] DEBUG cn.wt.springbootdemo2.dao.PmsTestInfoDao.update - <==    Updates: 1
2019-07-05 16:54:22.411 [http-nio-8082-exec-5] INFO  cn.wt.springbootdemo2.aspect.HttpAspect - log acpect after..........
2019-07-05 16:54:22.411 [http-nio-8082-exec-5] INFO  cn.wt.springbootdemo2.aspect.HttpAspect - resultResultObject{status=200, message='处理成功', data=null, time='2019-07-05 16:54:22'}
2019-07-05 16:54:28.174 [http-nio-8082-exec-6] INFO  cn.wt.springbootdemo2.aspect.HttpAspect - url=http://192.168.1.152:8082/pmstestinfo/selectList
2019-07-05 16:54:28.175 [http-nio-8082-exec-6] INFO  cn.wt.springbootdemo2.aspect.HttpAspect - IP=192.168.1.152
2019-07-05 16:54:28.175 [http-nio-8082-exec-6] INFO  cn.wt.springbootdemo2.aspect.HttpAspect - Class.Method=cn.wt.springbootdemo2.controller.PmsTestInfoController.seleteList
2019-07-05 16:54:28.175 [http-nio-8082-exec-6] INFO  cn.wt.springbootdemo2.aspect.HttpAspect - log acpect before..........
2019-07-05 16:54:28.187 [http-nio-8082-exec-6] DEBUG c.wt.springbootdemo2.dao.PmsTestInfoDao.selectList - ==>  Preparing: select * from pms_test_info 
2019-07-05 16:54:28.187 [http-nio-8082-exec-6] DEBUG c.wt.springbootdemo2.dao.PmsTestInfoDao.selectList - ==> Parameters: 
2019-07-05 16:54:28.197 [http-nio-8082-exec-6] DEBUG c.wt.springbootdemo2.dao.PmsTestInfoDao.selectList - <==      Total: 2
2019-07-05 16:54:28.222 [http-nio-8082-exec-6] INFO  cn.wt.springbootdemo2.aspect.HttpAspect - log acpect after..........
2019-07-05 16:54:28.223 [http-nio-8082-exec-6] INFO  cn.wt.springbootdemo2.aspect.HttpAspect - resultResultObject{status=200, message='处理成功', data=[cn.wt.springbootdemo2.entity.PmsTestInfo@71610bfe, cn.wt.springbootdemo2.entity.PmsTestInfo@67ee0f13], time='2019-07-05 16:54:28'}
2019-07-05 16:54:44.279 [http-nio-8082-exec-7] INFO  cn.wt.springbootdemo2.aspect.HttpAspect - url=http://192.168.1.152:8082/pmstestinfo/delete
2019-07-05 16:54:44.279 [http-nio-8082-exec-7] INFO  cn.wt.springbootdemo2.aspect.HttpAspect - IP=192.168.1.152
2019-07-05 16:54:44.279 [http-nio-8082-exec-7] INFO  cn.wt.springbootdemo2.aspect.HttpAspect - Class.Method=cn.wt.springbootdemo2.controller.PmsTestInfoController.detele
2019-07-05 16:54:44.280 [http-nio-8082-exec-7] INFO  cn.wt.springbootdemo2.aspect.HttpAspect - log acpect before..........
2019-07-05 16:54:44.292 [http-nio-8082-exec-7] DEBUG cn.wt.springbootdemo2.dao.PmsTestInfoDao.delete - ==>  Preparing: delete from pms_test_info where id=? 
2019-07-05 16:54:44.295 [http-nio-8082-exec-7] DEBUG cn.wt.springbootdemo2.dao.PmsTestInfoDao.delete - ==> Parameters: 1(Integer)
2019-07-05 16:54:44.312 [http-nio-8082-exec-7] DEBUG cn.wt.springbootdemo2.dao.PmsTestInfoDao.delete - <==    Updates: 1
2019-07-05 16:54:44.350 [http-nio-8082-exec-7] INFO  cn.wt.springbootdemo2.aspect.HttpAspect - log acpect after..........
2019-07-05 16:54:44.350 [http-nio-8082-exec-7] INFO  cn.wt.springbootdemo2.aspect.HttpAspect - resultResultObject{status=200, message='处理成功', data=null, time='2019-07-05 16:54:44'}
2019-07-05 16:54:55.989 [http-nio-8082-exec-8] INFO  cn.wt.springbootdemo2.aspect.HttpAspect - url=http://192.168.1.152:8082/pmstestinfo/selectList
2019-07-05 16:54:55.989 [http-nio-8082-exec-8] INFO  cn.wt.springbootdemo2.aspect.HttpAspect - IP=192.168.1.152
2019-07-05 16:54:55.989 [http-nio-8082-exec-8] INFO  cn.wt.springbootdemo2.aspect.HttpAspect - Class.Method=cn.wt.springbootdemo2.controller.PmsTestInfoController.seleteList
2019-07-05 16:54:55.989 [http-nio-8082-exec-8] INFO  cn.wt.springbootdemo2.aspect.HttpAspect - log acpect before..........
2019-07-05 16:54:55.999 [http-nio-8082-exec-8] DEBUG c.wt.springbootdemo2.dao.PmsTestInfoDao.selectList - ==>  Preparing: select * from pms_test_info 
2019-07-05 16:54:55.999 [http-nio-8082-exec-8] DEBUG c.wt.springbootdemo2.dao.PmsTestInfoDao.selectList - ==> Parameters: 
2019-07-05 16:54:56.008 [http-nio-8082-exec-8] DEBUG c.wt.springbootdemo2.dao.PmsTestInfoDao.selectList - <==      Total: 1
2019-07-05 16:54:56.033 [http-nio-8082-exec-8] INFO  cn.wt.springbootdemo2.aspect.HttpAspect - log acpect after..........
2019-07-05 16:54:56.034 [http-nio-8082-exec-8] INFO  cn.wt.springbootdemo2.aspect.HttpAspect - resultResultObject{status=200, message='处理成功', data=[cn.wt.springbootdemo2.entity.PmsTestInfo@b4c317f], time='2019-07-05 16:54:56'}
