2019-07-01 14:33:14.265 [restartedMain] INFO  cn.wt.springbootdemo2.Springbootdemo2Application - Starting Springbootdemo2Application on WT with PID 13852 (G:\IdeaProjects\springbootdemo2\target\classes started by Administrator in G:\IdeaProjects\springbootdemo2)
2019-07-01 14:33:14.269 [restartedMain] DEBUG cn.wt.springbootdemo2.Springbootdemo2Application - Running with Spring Boot v2.1.6.RELEASE, Spring v5.1.8.RELEASE
2019-07-01 14:33:14.270 [restartedMain] INFO  cn.wt.springbootdemo2.Springbootdemo2Application - No active profile set, falling back to default profiles: default
2019-07-01 14:33:14.404 [restartedMain] INFO  o.s.b.d.env.DevToolsPropertyDefaultsPostProcessor - Devtools property defaults active! Set 'spring.devtools.add-properties' to 'false' to disable
2019-07-01 14:33:14.404 [restartedMain] INFO  o.s.b.d.env.DevToolsPropertyDefaultsPostProcessor - For additional web related logging consider setting the 'logging.level.web' property to 'DEBUG'
2019-07-01 14:33:15.971 [restartedMain] INFO  o.s.boot.web.embedded.tomcat.TomcatWebServer - Tomcat initialized with port(s): 8081 (http)
2019-07-01 14:33:15.986 [restartedMain] INFO  org.apache.coyote.http11.Http11NioProtocol - Initializing ProtocolHandler ["http-nio-8081"]
2019-07-01 14:33:15.996 [restartedMain] INFO  org.apache.catalina.core.StandardService - Starting service [Tomcat]
2019-07-01 14:33:15.996 [restartedMain] INFO  org.apache.catalina.core.StandardEngine - Starting Servlet engine: [Apache Tomcat/9.0.21]
2019-07-01 14:33:16.118 [restartedMain] INFO  o.a.c.core.ContainerBase.[Tomcat].[localhost].[/] - Initializing Spring embedded WebApplicationContext
2019-07-01 14:33:16.118 [restartedMain] INFO  org.springframework.web.context.ContextLoader - Root WebApplicationContext: initialization completed in 1714 ms
2019-07-01 14:33:16.698 [restartedMain] INFO  o.s.b.d.autoconfigure.OptionalLiveReloadServer - LiveReload server is running on port 35729
2019-07-01 14:33:16.727 [restartedMain] INFO  org.apache.coyote.http11.Http11NioProtocol - Starting ProtocolHandler ["http-nio-8081"]
2019-07-01 14:33:16.758 [restartedMain] INFO  o.s.boot.web.embedded.tomcat.TomcatWebServer - Tomcat started on port(s): 8081 (http) with context path ''
2019-07-01 14:33:16.762 [restartedMain] INFO  cn.wt.springbootdemo2.Springbootdemo2Application - Started Springbootdemo2Application in 3.086 seconds (JVM running for 4.013)
2019-07-01 14:33:29.439 [http-nio-8081-exec-1] INFO  o.a.c.core.ContainerBase.[Tomcat].[localhost].[/] - Initializing Spring DispatcherServlet 'dispatcherServlet'
2019-07-01 14:33:29.439 [http-nio-8081-exec-1] INFO  org.springframework.web.servlet.DispatcherServlet - Initializing Servlet 'dispatcherServlet'
2019-07-01 14:33:29.451 [http-nio-8081-exec-1] INFO  org.springframework.web.servlet.DispatcherServlet - Completed initialization in 12 ms
2019-07-01 14:33:29.521 [http-nio-8081-exec-1] INFO  cn.wt.springbootdemo2.aspect.HttpAspect - url=http://127.0.0.1:8081/pmspersoninfo/save
2019-07-01 14:33:29.522 [http-nio-8081-exec-1] INFO  cn.wt.springbootdemo2.aspect.HttpAspect - IP=127.0.0.1
2019-07-01 14:33:29.522 [http-nio-8081-exec-1] INFO  cn.wt.springbootdemo2.aspect.HttpAspect - Method=POST
2019-07-01 14:33:29.524 [http-nio-8081-exec-1] INFO  cn.wt.springbootdemo2.aspect.HttpAspect - Class.Method=cn.wt.springbootdemo2.controller.PmsPersonInfoController.save
2019-07-01 14:33:29.524 [http-nio-8081-exec-1] INFO  cn.wt.springbootdemo2.aspect.HttpAspect - Args=1
2019-07-01 14:33:29.524 [http-nio-8081-exec-1] INFO  cn.wt.springbootdemo2.aspect.HttpAspect - log acpect before..........
2019-07-01 14:33:29.529 [http-nio-8081-exec-1] INFO  cn.wt.springbootdemo2.aspect.HttpAspect - log acpect after..........
2019-07-01 14:33:29.529 [http-nio-8081-exec-1] INFO  cn.wt.springbootdemo2.aspect.HttpAspect - resultResultObject{status=200, message='处理成功', data=PmsPersonInfo{id=1, name='1', age=1, remark='1'}, timestamp=2019-07-01 14:33:29.529}
2019-07-01 17:58:31.239 [restartedMain] INFO  cn.wt.springbootdemo2.Springbootdemo2Application - Starting Springbootdemo2Application on WT with PID 13252 (G:\IdeaProjects\springbootdemo2\target\classes started by Administrator in G:\IdeaProjects\springbootdemo2)
2019-07-01 17:58:31.242 [restartedMain] DEBUG cn.wt.springbootdemo2.Springbootdemo2Application - Running with Spring Boot v2.1.6.RELEASE, Spring v5.1.8.RELEASE
2019-07-01 17:58:31.243 [restartedMain] INFO  cn.wt.springbootdemo2.Springbootdemo2Application - No active profile set, falling back to default profiles: default
2019-07-01 17:58:31.330 [restartedMain] INFO  o.s.b.d.env.DevToolsPropertyDefaultsPostProcessor - Devtools property defaults active! Set 'spring.devtools.add-properties' to 'false' to disable
2019-07-01 17:58:31.330 [restartedMain] INFO  o.s.b.d.env.DevToolsPropertyDefaultsPostProcessor - For additional web related logging consider setting the 'logging.level.web' property to 'DEBUG'
2019-07-01 17:58:32.188 [restartedMain] WARN  org.mybatis.spring.mapper.ClassPathMapperScanner - No MyBatis mapper was found in '[cn.wt.springbootdemo2]' package. Please check your configuration.
2019-07-01 17:58:33.199 [restartedMain] INFO  o.s.boot.web.embedded.tomcat.TomcatWebServer - Tomcat initialized with port(s): 8081 (http)
2019-07-01 17:58:33.214 [restartedMain] INFO  org.apache.coyote.http11.Http11NioProtocol - Initializing ProtocolHandler ["http-nio-8081"]
2019-07-01 17:58:33.226 [restartedMain] INFO  org.apache.catalina.core.StandardService - Starting service [Tomcat]
2019-07-01 17:58:33.227 [restartedMain] INFO  org.apache.catalina.core.StandardEngine - Starting Servlet engine: [Apache Tomcat/9.0.21]
2019-07-01 17:58:33.363 [restartedMain] INFO  o.a.c.core.ContainerBase.[Tomcat].[localhost].[/] - Initializing Spring embedded WebApplicationContext
2019-07-01 17:58:33.363 [restartedMain] INFO  org.springframework.web.context.ContextLoader - Root WebApplicationContext: initialization completed in 2033 ms
2019-07-01 17:58:33.484 [restartedMain] WARN  o.s.b.w.s.c.AnnotationConfigServletWebServerApplicationContext - Exception encountered during context initialization - cancelling refresh attempt: org.springframework.beans.factory.UnsatisfiedDependencyException: Error creating bean with name 'pmsPersonInfoController': Unsatisfied dependency expressed through field 'pmsPersonInfoSercice'; nested exception is org.springframework.beans.factory.UnsatisfiedDependencyException: Error creating bean with name 'pmsPersonInfoSercice': Unsatisfied dependency expressed through field 'dao'; nested exception is org.springframework.beans.factory.NoSuchBeanDefinitionException: No qualifying bean of type 'cn.wt.springbootdemo2.dao.PmsPersonInfoDao' available: expected at least 1 bean which qualifies as autowire candidate. Dependency annotations: {@org.springframework.beans.factory.annotation.Autowired(required=true)}
2019-07-01 17:58:33.488 [restartedMain] INFO  org.apache.catalina.core.StandardService - Stopping service [Tomcat]
2019-07-01 17:58:33.513 [restartedMain] INFO  o.s.b.a.l.ConditionEvaluationReportLoggingListener - 

Error starting ApplicationContext. To display the conditions report re-run your application with 'debug' enabled.
2019-07-01 17:58:33.641 [restartedMain] ERROR org.springframework.boot.SpringApplication - Application run failed
org.springframework.beans.factory.UnsatisfiedDependencyException: Error creating bean with name 'pmsPersonInfoController': Unsatisfied dependency expressed through field 'pmsPersonInfoSercice'; nested exception is org.springframework.beans.factory.UnsatisfiedDependencyException: Error creating bean with name 'pmsPersonInfoSercice': Unsatisfied dependency expressed through field 'dao'; nested exception is org.springframework.beans.factory.NoSuchBeanDefinitionException: No qualifying bean of type 'cn.wt.springbootdemo2.dao.PmsPersonInfoDao' available: expected at least 1 bean which qualifies as autowire candidate. Dependency annotations: {@org.springframework.beans.factory.annotation.Autowired(required=true)}
	at org.springframework.beans.factory.annotation.AutowiredAnnotationBeanPostProcessor$AutowiredFieldElement.inject(AutowiredAnnotationBeanPostProcessor.java:596)
	at org.springframework.beans.factory.annotation.InjectionMetadata.inject(InjectionMetadata.java:90)
	at org.springframework.beans.factory.annotation.AutowiredAnnotationBeanPostProcessor.postProcessProperties(AutowiredAnnotationBeanPostProcessor.java:374)
	at org.springframework.beans.factory.support.AbstractAutowireCapableBeanFactory.populateBean(AbstractAutowireCapableBeanFactory.java:1411)
	at org.springframework.beans.factory.support.AbstractAutowireCapableBeanFactory.doCreateBean(AbstractAutowireCapableBeanFactory.java:592)
	at org.springframework.beans.factory.support.AbstractAutowireCapableBeanFactory.createBean(AbstractAutowireCapableBeanFactory.java:515)
	at org.springframework.beans.factory.support.AbstractBeanFactory.lambda$doGetBean$0(AbstractBeanFactory.java:320)
	at org.springframework.beans.factory.support.AbstractBeanFactory$$Lambda$138/666873787.getObject(Unknown Source)
	at org.springframework.beans.factory.support.DefaultSingletonBeanRegistry.getSingleton(DefaultSingletonBeanRegistry.java:222)
	at org.springframework.beans.factory.support.AbstractBeanFactory.doGetBean(AbstractBeanFactory.java:318)
	at org.springframework.beans.factory.support.AbstractBeanFactory.getBean(AbstractBeanFactory.java:199)
	at org.springframework.beans.factory.support.DefaultListableBeanFactory.preInstantiateSingletons(DefaultListableBeanFactory.java:845)
	at org.springframework.context.support.AbstractApplicationContext.finishBeanFactoryInitialization(AbstractApplicationContext.java:877)
	at org.springframework.context.support.AbstractApplicationContext.refresh(AbstractApplicationContext.java:549)
	at org.springframework.boot.web.servlet.context.ServletWebServerApplicationContext.refresh(ServletWebServerApplicationContext.java:140)
	at org.springframework.boot.SpringApplication.refresh(SpringApplication.java:742)
	at org.springframework.boot.SpringApplication.refreshContext(SpringApplication.java:389)
	at org.springframework.boot.SpringApplication.run(SpringApplication.java:311)
	at org.springframework.boot.SpringApplication.run(SpringApplication.java:1213)
	at org.springframework.boot.SpringApplication.run(SpringApplication.java:1202)
	at cn.wt.springbootdemo2.Springbootdemo2Application.main(Springbootdemo2Application.java:11)
	at sun.reflect.NativeMethodAccessorImpl.invoke0(Native Method)
	at sun.reflect.NativeMethodAccessorImpl.invoke(NativeMethodAccessorImpl.java:62)
	at sun.reflect.DelegatingMethodAccessorImpl.invoke(DelegatingMethodAccessorImpl.java:43)
	at java.lang.reflect.Method.invoke(Method.java:483)
	at org.springframework.boot.devtools.restart.RestartLauncher.run(RestartLauncher.java:49)
Caused by: org.springframework.beans.factory.UnsatisfiedDependencyException: Error creating bean with name 'pmsPersonInfoSercice': Unsatisfied dependency expressed through field 'dao'; nested exception is org.springframework.beans.factory.NoSuchBeanDefinitionException: No qualifying bean of type 'cn.wt.springbootdemo2.dao.PmsPersonInfoDao' available: expected at least 1 bean which qualifies as autowire candidate. Dependency annotations: {@org.springframework.beans.factory.annotation.Autowired(required=true)}
	at org.springframework.beans.factory.annotation.AutowiredAnnotationBeanPostProcessor$AutowiredFieldElement.inject(AutowiredAnnotationBeanPostProcessor.java:596)
	at org.springframework.beans.factory.annotation.InjectionMetadata.inject(InjectionMetadata.java:90)
	at org.springframework.beans.factory.annotation.AutowiredAnnotationBeanPostProcessor.postProcessProperties(AutowiredAnnotationBeanPostProcessor.java:374)
	at org.springframework.beans.factory.support.AbstractAutowireCapableBeanFactory.populateBean(AbstractAutowireCapableBeanFactory.java:1411)
	at org.springframework.beans.factory.support.AbstractAutowireCapableBeanFactory.doCreateBean(AbstractAutowireCapableBeanFactory.java:592)
	at org.springframework.beans.factory.support.AbstractAutowireCapableBeanFactory.createBean(AbstractAutowireCapableBeanFactory.java:515)
	at org.springframework.beans.factory.support.AbstractBeanFactory.lambda$doGetBean$0(AbstractBeanFactory.java:320)
	at org.springframework.beans.factory.support.AbstractBeanFactory$$Lambda$138/666873787.getObject(Unknown Source)
	at org.springframework.beans.factory.support.DefaultSingletonBeanRegistry.getSingleton(DefaultSingletonBeanRegistry.java:222)
	at org.springframework.beans.factory.support.AbstractBeanFactory.doGetBean(AbstractBeanFactory.java:318)
	at org.springframework.beans.factory.support.AbstractBeanFactory.getBean(AbstractBeanFactory.java:199)
	at org.springframework.beans.factory.config.DependencyDescriptor.resolveCandidate(DependencyDescriptor.java:277)
	at org.springframework.beans.factory.support.DefaultListableBeanFactory.doResolveDependency(DefaultListableBeanFactory.java:1251)
	at org.springframework.beans.factory.support.DefaultListableBeanFactory.resolveDependency(DefaultListableBeanFactory.java:1171)
	at org.springframework.beans.factory.annotation.AutowiredAnnotationBeanPostProcessor$AutowiredFieldElement.inject(AutowiredAnnotationBeanPostProcessor.java:593)
	... 25 common frames omitted
Caused by: org.springframework.beans.factory.NoSuchBeanDefinitionException: No qualifying bean of type 'cn.wt.springbootdemo2.dao.PmsPersonInfoDao' available: expected at least 1 bean which qualifies as autowire candidate. Dependency annotations: {@org.springframework.beans.factory.annotation.Autowired(required=true)}
	at org.springframework.beans.factory.support.DefaultListableBeanFactory.raiseNoMatchingBeanFound(DefaultListableBeanFactory.java:1658)
	at org.springframework.beans.factory.support.DefaultListableBeanFactory.doResolveDependency(DefaultListableBeanFactory.java:1217)
	at org.springframework.beans.factory.support.DefaultListableBeanFactory.resolveDependency(DefaultListableBeanFactory.java:1171)
	at org.springframework.beans.factory.annotation.AutowiredAnnotationBeanPostProcessor$AutowiredFieldElement.inject(AutowiredAnnotationBeanPostProcessor.java:593)
	... 39 common frames omitted
